
> @blueskyproject/finch@0.1.0 build-storybook
> storybook build --output-dir=/var/folders/xj/zzm03w0s3012nl5bydn2sb7c0000gn/T/chromatic--72387-9YQs3WlpPEvs

[1m@storybook/core v8.4.7
[22m
info => Cleaning outputDir: [36m../../../../var/folders/xj/zzm03w0s3012nl5bydn2sb7c0000gn/T/chromatic--72387-9YQs3WlpPEvs[39m
info => Loading presets
info => Building manager..
info => Manager built ([38;2;181;126;229m110 ms[39m)
info => Building preview..
info => Copying static files: [36mpublic[39m at [36m../../../../var/folders/xj/zzm03w0s3012nl5bydn2sb7c0000gn/T/chromatic--72387-9YQs3WlpPEvs[39m
info Using tsconfig paths for react-docgen
[36mvite v6.0.5 [32mbuilding for production...[36m[39m
transforming...
[32m✓[39m 4989 modules transformed.
rendering chunks...

[vite:dts] Start generate declaration files...
computing gzip size...
[vite:dts] Declaration files built in 3215ms.

[2m../../../../var/folders/xj/zzm03w0s3012nl5bydn2sb7c0000gn/T/chromatic--72387-9YQs3WlpPEvs/[22m[2massets/[22m[32mcontext-C0qIqeS4.png                       [39m[1m[2m    6.12 kB[22m[1m[22m
[2m../../../../var/folders/xj/zzm03w0s3012nl5bydn2sb7c0000gn/T/chromatic--72387-9YQs3WlpPEvs/[22m[2massets/[22m[32mstyling-Bk6zjRzU.png                       [39m[1m[2m    7.24 kB[22m[1m[22m
[2m../../../../var/folders/xj/zzm03w0s3012nl5bydn2sb7c0000gn/T/chromatic--72387-9YQs3WlpPEvs/[22m[32miframe.html                                       [39m[1m[2m   16.32 kB[22m[1m[22m[2m │ gzip:     4.44 kB[22m
[2m../../../../var/folders/xj/zzm03w0s3012nl5bydn2sb7c0000gn/T/chromatic--72387-9YQs3WlpPEvs/[22m[2massets/[22m[32mdocs---vsFbMi.png                          [39m[1m[2m   27.88 kB[22m[1m[22m
[2m../../../../var/folders/xj/zzm03w0s3012nl5bydn2sb7c0000gn/T/chromatic--72387-9YQs3WlpPEvs/[22m[2massets/[22m[32mshare-DGA-UcQf.png                         [39m[1m[2m   40.77 kB[22m[1m[22m
[2m../../../../var/folders/xj/zzm03w0s3012nl5bydn2sb7c0000gn/T/chromatic--72387-9YQs3WlpPEvs/[22m[2massets/[22m[32maccessibility-W_h2acOZ.png                 [39m[1m[2m   42.34 kB[22m[1m[22m
[2m../../../../var/folders/xj/zzm03w0s3012nl5bydn2sb7c0000gn/T/chromatic--72387-9YQs3WlpPEvs/[22m[2massets/[22m[32mfigma-plugin-CH2hELiO.png                  [39m[1m[2m   44.25 kB[22m[1m[22m
[2m../../../../var/folders/xj/zzm03w0s3012nl5bydn2sb7c0000gn/T/chromatic--72387-9YQs3WlpPEvs/[22m[2massets/[22m[32mtheming-D6WJLNoW.png                       [39m[1m[2m   44.37 kB[22m[1m[22m
[2m../../../../var/folders/xj/zzm03w0s3012nl5bydn2sb7c0000gn/T/chromatic--72387-9YQs3WlpPEvs/[22m[2massets/[22m[32mtesting-cbzR9l9r.png                       [39m[1m[2m   49.31 kB[22m[1m[22m
[2m../../../../var/folders/xj/zzm03w0s3012nl5bydn2sb7c0000gn/T/chromatic--72387-9YQs3WlpPEvs/[22m[2massets/[22m[32malsLogo-C8lCMp9I.png                       [39m[1m[2m  149.70 kB[22m[1m[22m
[2m../../../../var/folders/xj/zzm03w0s3012nl5bydn2sb7c0000gn/T/chromatic--72387-9YQs3WlpPEvs/[22m[2massets/[22m[32maddon-library-BWUCAmyN.png                 [39m[1m[2m  467.37 kB[22m[1m[22m
[2m../../../../var/folders/xj/zzm03w0s3012nl5bydn2sb7c0000gn/T/chromatic--72387-9YQs3WlpPEvs/[22m[2massets/[22m[35mTiled-CbWSj0u1.css                         [39m[1m[2m    0.23 kB[22m[1m[22m[2m │ gzip:     0.15 kB[22m
[2m../../../../var/folders/xj/zzm03w0s3012nl5bydn2sb7c0000gn/T/chromatic--72387-9YQs3WlpPEvs/[22m[2massets/[22m[35mButton-CGkL19V-.css                        [39m[1m[2m    0.52 kB[22m[1m[22m[2m │ gzip:     0.29 kB[22m
[2m../../../../var/folders/xj/zzm03w0s3012nl5bydn2sb7c0000gn/T/chromatic--72387-9YQs3WlpPEvs/[22m[2massets/[22m[35mPage-Cid6o5Js.css                          [39m[1m[2m    1.45 kB[22m[1m[22m[2m │ gzip:     0.52 kB[22m
[2m../../../../var/folders/xj/zzm03w0s3012nl5bydn2sb7c0000gn/T/chromatic--72387-9YQs3WlpPEvs/[22m[2massets/[22m[35mpreview-C8rGXNGU.css                       [39m[1m[2m   41.40 kB[22m[1m[22m[2m │ gzip:     7.70 kB[22m
[2m../../../../var/folders/xj/zzm03w0s3012nl5bydn2sb7c0000gn/T/chromatic--72387-9YQs3WlpPEvs/[22m[2massets/[22m[35mHubAppLayout-BbiOB8ru.css                  [39m[1m[2m   41.73 kB[22m[1m[22m[2m │ gzip:     7.78 kB[22m
[2m../../../../var/folders/xj/zzm03w0s3012nl5bydn2sb7c0000gn/T/chromatic--72387-9YQs3WlpPEvs/[22m[2massets/[22m[36mindex-D3Kh2uYK.js                          [39m[1m[2m    0.13 kB[22m[1m[22m[2m │ gzip:     0.12 kB[22m
[2m../../../../var/folders/xj/zzm03w0s3012nl5bydn2sb7c0000gn/T/chromatic--72387-9YQs3WlpPEvs/[22m[2massets/[22m[36mpreview-DIg5PoU8.js                        [39m[1m[2m    0.16 kB[22m[1m[22m[2m │ gzip:     0.16 kB[22m
[2m../../../../var/folders/xj/zzm03w0s3012nl5bydn2sb7c0000gn/T/chromatic--72387-9YQs3WlpPEvs/[22m[2massets/[22m[36mpreview-DFmD0pui.js                        [39m[1m[2m    0.17 kB[22m[1m[22m[2m │ gzip:     0.15 kB[22m
[2m../../../../var/folders/xj/zzm03w0s3012nl5bydn2sb7c0000gn/T/chromatic--72387-9YQs3WlpPEvs/[22m[2massets/[22m[36mindex-BFB5bZRa.js                          [39m[1m[2m    0.45 kB[22m[1m[22m[2m │ gzip:     0.29 kB[22m
[2m../../../../var/folders/xj/zzm03w0s3012nl5bydn2sb7c0000gn/T/chromatic--72387-9YQs3WlpPEvs/[22m[2massets/[22m[36mHeader.stories-C0HCix_J.js                 [39m[1m[2m    0.49 kB[22m[1m[22m[2m │ gzip:     0.32 kB[22m
[2m../../../../var/folders/xj/zzm03w0s3012nl5bydn2sb7c0000gn/T/chromatic--72387-9YQs3WlpPEvs/[22m[2massets/[22m[36mindex-BuYn5Wpo.js                          [39m[1m[2m    0.58 kB[22m[1m[22m[2m │ gzip:     0.39 kB[22m
[2m../../../../var/folders/xj/zzm03w0s3012nl5bydn2sb7c0000gn/T/chromatic--72387-9YQs3WlpPEvs/[22m[2massets/[22m[36mButtonCopyToClipboard.stories-PRofZxYP.js  [39m[1m[2m    0.67 kB[22m[1m[22m[2m │ gzip:     0.40 kB[22m
[2m../../../../var/folders/xj/zzm03w0s3012nl5bydn2sb7c0000gn/T/chromatic--72387-9YQs3WlpPEvs/[22m[2massets/[22m[36mpreview-DGUiP6tS.js                        [39m[1m[2m    0.71 kB[22m[1m[22m[2m │ gzip:     0.50 kB[22m
[2m../../../../var/folders/xj/zzm03w0s3012nl5bydn2sb7c0000gn/T/chromatic--72387-9YQs3WlpPEvs/[22m[2massets/[22m[36mchunk-XP5HYGXS-BGCqD1aY.js                 [39m[1m[2m    0.72 kB[22m[1m[22m[2m │ gzip:     0.40 kB[22m
[2m../../../../var/folders/xj/zzm03w0s3012nl5bydn2sb7c0000gn/T/chromatic--72387-9YQs3WlpPEvs/[22m[2massets/[22m[36mindex-DrFu-skq.js                          [39m[1m[2m    0.77 kB[22m[1m[22m[2m │ gzip:     0.47 kB[22m
[2m../../../../var/folders/xj/zzm03w0s3012nl5bydn2sb7c0000gn/T/chromatic--72387-9YQs3WlpPEvs/[22m[2massets/[22m[36mpreview-cKF3AntX.js                        [39m[1m[2m    0.87 kB[22m[1m[22m[2m │ gzip:     0.55 kB[22m
[2m../../../../var/folders/xj/zzm03w0s3012nl5bydn2sb7c0000gn/T/chromatic--72387-9YQs3WlpPEvs/[22m[2massets/[22m[36mreact-18-BxWh4HeJ.js                       [39m[1m[2m    0.92 kB[22m[1m[22m[2m │ gzip:     0.51 kB[22m
[2m../../../../var/folders/xj/zzm03w0s3012nl5bydn2sb7c0000gn/T/chromatic--72387-9YQs3WlpPEvs/[22m[2massets/[22m[36mHeader-CUYYtn6w.js                         [39m[1m[2m    0.97 kB[22m[1m[22m[2m │ gzip:     0.53 kB[22m
[2m../../../../var/folders/xj/zzm03w0s3012nl5bydn2sb7c0000gn/T/chromatic--72387-9YQs3WlpPEvs/[22m[2massets/[22m[36mjsx-runtime-BjgbQsUx.js                    [39m[1m[2m    1.00 kB[22m[1m[22m[2m │ gzip:     0.62 kB[22m
[2m../../../../var/folders/xj/zzm03w0s3012nl5bydn2sb7c0000gn/T/chromatic--72387-9YQs3WlpPEvs/[22m[2massets/[22m[36mButton-CDhaGJN6.js                         [39m[1m[2m    1.23 kB[22m[1m[22m[2m │ gzip:     0.60 kB[22m
[2m../../../../var/folders/xj/zzm03w0s3012nl5bydn2sb7c0000gn/T/chromatic--72387-9YQs3WlpPEvs/[22m[2massets/[22m[36mDocsRenderer-CFRXHY34-DwxNx80K.js          [39m[1m[2m    1.43 kB[22m[1m[22m[2m │ gzip:     0.75 kB[22m
[2m../../../../var/folders/xj/zzm03w0s3012nl5bydn2sb7c0000gn/T/chromatic--72387-9YQs3WlpPEvs/[22m[2massets/[22m[36mButton.stories-xHBVddnL.js                 [39m[1m[2m    1.48 kB[22m[1m[22m[2m │ gzip:     0.57 kB[22m
[2m../../../../var/folders/xj/zzm03w0s3012nl5bydn2sb7c0000gn/T/chromatic--72387-9YQs3WlpPEvs/[22m[2massets/[22m[36mStoryBookButton.stories-Gl_WRUHu.js        [39m[1m[2m    1.53 kB[22m[1m[22m[2m │ gzip:     0.59 kB[22m
[2m../../../../var/folders/xj/zzm03w0s3012nl5bydn2sb7c0000gn/T/chromatic--72387-9YQs3WlpPEvs/[22m[2massets/[22m[36mSidebarItem-CiOemTSW.js                    [39m[1m[2m    1.60 kB[22m[1m[22m[2m │ gzip:     0.64 kB[22m
[2m../../../../var/folders/xj/zzm03w0s3012nl5bydn2sb7c0000gn/T/chromatic--72387-9YQs3WlpPEvs/[22m[2massets/[22m[36mindex-BZ3Iy68d.js                          [39m[1m[2m    1.80 kB[22m[1m[22m[2m │ gzip:     0.90 kB[22m
[2m../../../../var/folders/xj/zzm03w0s3012nl5bydn2sb7c0000gn/T/chromatic--72387-9YQs3WlpPEvs/[22m[2massets/[22m[36mSidebar.stories-DwwxCXsd.js                [39m[1m[2m    2.12 kB[22m[1m[22m[2m │ gzip:     0.69 kB[22m
[2m../../../../var/folders/xj/zzm03w0s3012nl5bydn2sb7c0000gn/T/chromatic--72387-9YQs3WlpPEvs/[22m[2massets/[22m[36mButton-Bl6d1e6O.js                         [39m[1m[2m    2.31 kB[22m[1m[22m[2m │ gzip:     0.89 kB[22m
[2m../../../../var/folders/xj/zzm03w0s3012nl5bydn2sb7c0000gn/T/chromatic--72387-9YQs3WlpPEvs/[22m[2massets/[22m[36mButtonCopyToClipboard-C0SHVhU2.js          [39m[1m[2m    2.53 kB[22m[1m[22m[2m │ gzip:     1.20 kB[22m
[2m../../../../var/folders/xj/zzm03w0s3012nl5bydn2sb7c0000gn/T/chromatic--72387-9YQs3WlpPEvs/[22m[2massets/[22m[36mInputSlider.stories-SeYHkf6m.js            [39m[1m[2m    2.95 kB[22m[1m[22m[2m │ gzip:     0.85 kB[22m
[2m../../../../var/folders/xj/zzm03w0s3012nl5bydn2sb7c0000gn/T/chromatic--72387-9YQs3WlpPEvs/[22m[2massets/[22m[36mSidebar-PdgE2LLe.js                        [39m[1m[2m    3.20 kB[22m[1m[22m[2m │ gzip:     1.27 kB[22m
[2m../../../../var/folders/xj/zzm03w0s3012nl5bydn2sb7c0000gn/T/chromatic--72387-9YQs3WlpPEvs/[22m[2massets/[22m[36mPlotlyScatter.stories-BCwDSQuO.js          [39m[1m[2m    3.26 kB[22m[1m[22m[2m │ gzip:     1.24 kB[22m
[2m../../../../var/folders/xj/zzm03w0s3012nl5bydn2sb7c0000gn/T/chromatic--72387-9YQs3WlpPEvs/[22m[2massets/[22m[36mWidget-Cy9R5va1.js                         [39m[1m[2m    3.39 kB[22m[1m[22m[2m │ gzip:     1.21 kB[22m
[2m../../../../var/folders/xj/zzm03w0s3012nl5bydn2sb7c0000gn/T/chromatic--72387-9YQs3WlpPEvs/[22m[2massets/[22m[36mpreview-aVwhiz9X.js                        [39m[1m[2m    3.50 kB[22m[1m[22m[2m │ gzip:     1.69 kB[22m
[2m../../../../var/folders/xj/zzm03w0s3012nl5bydn2sb7c0000gn/T/chromatic--72387-9YQs3WlpPEvs/[22m[2massets/[22m[36mDashboardPage.stories-Bo4vWLeC.js          [39m[1m[2m    4.15 kB[22m[1m[22m[2m │ gzip:     1.49 kB[22m
[2m../../../../var/folders/xj/zzm03w0s3012nl5bydn2sb7c0000gn/T/chromatic--72387-9YQs3WlpPEvs/[22m[2massets/[22m[36mInputSlider-1GkCSIIF.js                    [39m[1m[2m    4.34 kB[22m[1m[22m[2m │ gzip:     1.69 kB[22m
[2m../../../../var/folders/xj/zzm03w0s3012nl5bydn2sb7c0000gn/T/chromatic--72387-9YQs3WlpPEvs/[22m[2massets/[22m[36mWidget.stories-BzD6PrmX.js                 [39m[1m[2m    4.39 kB[22m[1m[22m[2m │ gzip:     1.15 kB[22m
[2m../../../../var/folders/xj/zzm03w0s3012nl5bydn2sb7c0000gn/T/chromatic--72387-9YQs3WlpPEvs/[22m[2massets/[22m[36mSidebarItem.stories-DOtnLqEo.js            [39m[1m[2m    4.91 kB[22m[1m[22m[2m │ gzip:     1.19 kB[22m
[2m../../../../var/folders/xj/zzm03w0s3012nl5bydn2sb7c0000gn/T/chromatic--72387-9YQs3WlpPEvs/[22m[2massets/[22m[36mpreview-D77C14du.js                        [39m[1m[2m    5.03 kB[22m[1m[22m[2m │ gzip:     1.86 kB[22m
[2m../../../../var/folders/xj/zzm03w0s3012nl5bydn2sb7c0000gn/T/chromatic--72387-9YQs3WlpPEvs/[22m[2massets/[22m[36mPage.stories-D4kYxGbB.js                   [39m[1m[2m    5.28 kB[22m[1m[22m[2m │ gzip:     2.04 kB[22m
[2m../../../../var/folders/xj/zzm03w0s3012nl5bydn2sb7c0000gn/T/chromatic--72387-9YQs3WlpPEvs/[22m[2massets/[22m[36mPlotlyHeatmap.stories-DM0BRGN_.js          [39m[1m[2m    6.10 kB[22m[1m[22m[2m │ gzip:     2.11 kB[22m
[2m../../../../var/folders/xj/zzm03w0s3012nl5bydn2sb7c0000gn/T/chromatic--72387-9YQs3WlpPEvs/[22m[2massets/[22m[36mindex-D2MAbzvX.js                          [39m[1m[2m    6.79 kB[22m[1m[22m[2m │ gzip:     2.72 kB[22m
[2m../../../../var/folders/xj/zzm03w0s3012nl5bydn2sb7c0000gn/T/chromatic--72387-9YQs3WlpPEvs/[22m[2massets/[22m[36miframe-vqVgL_kA.js                         [39m[1m[2m    7.39 kB[22m[1m[22m[2m │ gzip:     2.52 kB[22m
[2m../../../../var/folders/xj/zzm03w0s3012nl5bydn2sb7c0000gn/T/chromatic--72387-9YQs3WlpPEvs/[22m[2massets/[22m[36mpreview-BWzBA1C2.js                        [39m[1m[2m    7.62 kB[22m[1m[22m[2m │ gzip:     1.56 kB[22m
[2m../../../../var/folders/xj/zzm03w0s3012nl5bydn2sb7c0000gn/T/chromatic--72387-9YQs3WlpPEvs/[22m[2massets/[22m[36mpreview-CFgKly6U.js                        [39m[1m[2m    8.12 kB[22m[1m[22m[2m │ gzip:     3.10 kB[22m
[2m../../../../var/folders/xj/zzm03w0s3012nl5bydn2sb7c0000gn/T/chromatic--72387-9YQs3WlpPEvs/[22m[2massets/[22m[36mInputSliderRange.stories-mTJH46hZ.js       [39m[1m[2m    9.16 kB[22m[1m[22m[2m │ gzip:     2.64 kB[22m
[2m../../../../var/folders/xj/zzm03w0s3012nl5bydn2sb7c0000gn/T/chromatic--72387-9YQs3WlpPEvs/[22m[2massets/[22m[36mButtonWithIcon.stories-BLHCvZ_P.js         [39m[1m[2m    9.68 kB[22m[1m[22m[2m │ gzip:     2.18 kB[22m
[2m../../../../var/folders/xj/zzm03w0s3012nl5bydn2sb7c0000gn/T/chromatic--72387-9YQs3WlpPEvs/[22m[2massets/[22m[36mutils-CWs4mQ9_.js                          [39m[1m[2m   24.86 kB[22m[1m[22m[2m │ gzip:     7.93 kB[22m
[2m../../../../var/folders/xj/zzm03w0s3012nl5bydn2sb7c0000gn/T/chromatic--72387-9YQs3WlpPEvs/[22m[2massets/[22m[36mConfigure-3R7HM4Jm.js                      [39m[1m[2m   25.93 kB[22m[1m[22m[2m │ gzip:    11.03 kB[22m
[2m../../../../var/folders/xj/zzm03w0s3012nl5bydn2sb7c0000gn/T/chromatic--72387-9YQs3WlpPEvs/[22m[2massets/[22m[36mColor-F6OSRLHC-yebsMxhM.js                 [39m[1m[2m   29.39 kB[22m[1m[22m[2m │ gzip:    11.05 kB[22m
[2m../../../../var/folders/xj/zzm03w0s3012nl5bydn2sb7c0000gn/T/chromatic--72387-9YQs3WlpPEvs/[22m[2massets/[22m[36mentry-preview-BzDaHwth.js                  [39m[1m[2m   40.96 kB[22m[1m[22m[2m │ gzip:    13.77 kB[22m
[2m../../../../var/folders/xj/zzm03w0s3012nl5bydn2sb7c0000gn/T/chromatic--72387-9YQs3WlpPEvs/[22m[2massets/[22m[36mHubAppLayout.stories--Ptgumzm.js           [39m[1m[2m   43.86 kB[22m[1m[22m[2m │ gzip:    13.71 kB[22m
[2m../../../../var/folders/xj/zzm03w0s3012nl5bydn2sb7c0000gn/T/chromatic--72387-9YQs3WlpPEvs/[22m[2massets/[22m[36mindex-CHGET4sZ.js                          [39m[1m[2m   53.74 kB[22m[1m[22m[2m │ gzip:    15.56 kB[22m
[2m../../../../var/folders/xj/zzm03w0s3012nl5bydn2sb7c0000gn/T/chromatic--72387-9YQs3WlpPEvs/[22m[2massets/[22m[36mpreview-Dju59qwX.js                        [39m[1m[2m   68.52 kB[22m[1m[22m[2m │ gzip:    20.58 kB[22m
[2m../../../../var/folders/xj/zzm03w0s3012nl5bydn2sb7c0000gn/T/chromatic--72387-9YQs3WlpPEvs/[22m[2massets/[22m[36mindex-CTOC-uzv.js                          [39m[1m[2m  134.18 kB[22m[1m[22m[2m │ gzip:    43.17 kB[22m
[2m../../../../var/folders/xj/zzm03w0s3012nl5bydn2sb7c0000gn/T/chromatic--72387-9YQs3WlpPEvs/[22m[2massets/[22m[36mTiled.stories-XUWNrjO5.js                  [39m[1m[2m  154.24 kB[22m[1m[22m[2m │ gzip:    50.95 kB[22m
[2m../../../../var/folders/xj/zzm03w0s3012nl5bydn2sb7c0000gn/T/chromatic--72387-9YQs3WlpPEvs/[22m[2massets/[22m[36mdecorators-Bnaor6Ku.js                     [39m[1m[2m  196.93 kB[22m[1m[22m[2m │ gzip:    63.29 kB[22m
[2m../../../../var/folders/xj/zzm03w0s3012nl5bydn2sb7c0000gn/T/chromatic--72387-9YQs3WlpPEvs/[22m[2massets/[22m[36mentry-preview-docs-BT8N48jC.js             [39m[1m[2m  256.61 kB[22m[1m[22m[2m │ gzip:    77.31 kB[22m
[2m../../../../var/folders/xj/zzm03w0s3012nl5bydn2sb7c0000gn/T/chromatic--72387-9YQs3WlpPEvs/[22m[2massets/[22m[36mindex-Z5tTm0QU.js                          [39m[1m[33m  545.39 kB[39m[22m[2m │ gzip:   144.75 kB[22m
[2m../../../../var/folders/xj/zzm03w0s3012nl5bydn2sb7c0000gn/T/chromatic--72387-9YQs3WlpPEvs/[22m[2massets/[22m[36mindex-SD612RuY.js                          [39m[1m[33m  888.52 kB[39m[22m[2m │ gzip:   278.08 kB[22m
[2m../../../../var/folders/xj/zzm03w0s3012nl5bydn2sb7c0000gn/T/chromatic--72387-9YQs3WlpPEvs/[22m[2massets/[22m[36mreact-plotly-C0UHH7u6.js                   [39m[1m[33m4,753.95 kB[39m[22m[2m │ gzip: 1,435.11 kB[22m
[32m✓ built in 18.04s[39m
info => Preview built ([38;2;181;126;229m19 s[39m)
info => Output directory: /var/folders/xj/zzm03w0s3012nl5bydn2sb7c0000gn/T/chromatic--72387-9YQs3WlpPEvs
